<?xml version="1.0" encoding="UTF-8"?>
<!-- Generated by org.testng.reporters.JUnitReportReporter -->
<testsuite hostname="DESKTOP-IGKLUGB" failures="0" tests="3" name="com.sportyshoe.restAssuredScripts.PostandPutnewShoe" time="3.137" errors="0" timestamp="2023-11-15T11:32:37 IST" skipped="0">
  <testcase classname="com.sportyshoe.restAssuredScripts.PostandPutnewShoe" name="add_new_product" time="2.939"/>
  <system-out/>
  <testcase classname="com.sportyshoe.restAssuredScripts.PostandPutnewShoe" name="update_a_product" time="0.134"/>
  <system-out/>
  <testcase classname="com.sportyshoe.restAssuredScripts.PostandPutnewShoe" name="delete_product" time="0.064"/>
  <system-out/>
</testsuite> <!-- com.sportyshoe.restAssuredScripts.PostandPutnewShoe -->
