<?xml version="1.0" encoding="UTF-8"?>
<!-- Generated by org.testng.reporters.JUnitReportReporter -->
<testsuite hostname="DESKTOP-IGKLUGB" failures="0" tests="3" name="com.sportyshoe.Tests.HomePageTest" time="1.833" errors="0" timestamp="2023-11-15T12:39:40 IST" skipped="0">
  <testcase classname="com.sportyshoe.Tests.HomePageTest" name="test_getTitle_page" time="0.025"/>
  <system-out/>
  <testcase classname="com.sportyshoe.Tests.HomePageTest" name="Test_Validate_Text_On_Page" time="0.059"/>
  <system-out/>
  <testcase classname="com.sportyshoe.Tests.HomePageTest" name="test_click_register_link" time="1.749"/>
  <system-out/>
</testsuite> <!-- com.sportyshoe.Tests.HomePageTest -->
