<?xml version="1.0" encoding="UTF-8"?>
<!-- Generated by org.testng.reporters.JUnitReportReporter -->
<testsuite hostname="DESKTOP-IGKLUGB" failures="0" tests="5" name="com.sportyshoe.RestAssured.TestShoes" time="3.401" errors="0" timestamp="2023-11-15T11:36:20 IST" skipped="0">
  <testcase classname="com.sportyshoe.RestAssured.TestShoes" name="add_new_product" time="3.135"/>
  <system-out/>
  <testcase classname="com.sportyshoe.RestAssured.TestShoes" name="get_all_shoes" time="0.152"/>
  <system-out/>
  <testcase classname="com.sportyshoe.RestAssured.TestShoes" name="get_all_users" time="0.034"/>
  <system-out/>
  <testcase classname="com.sportyshoe.RestAssured.TestShoes" name="update_a_product" time="0.055"/>
  <system-out/>
  <testcase classname="com.sportyshoe.RestAssured.TestShoes" name="delete_product" time="0.025"/>
  <system-out/>
</testsuite> <!-- com.sportyshoe.RestAssured.TestShoes -->
