<?xml version="1.0" encoding="UTF-8"?>
<!-- Generated by org.testng.reporters.JUnitReportReporter -->
<testsuite hostname="DESKTOP-IGKLUGB" failures="0" tests="3" name="com.sportyshoe.RestAssured.PostandPutnewShoe" time="6.638" errors="0" timestamp="2023-11-15T11:35:39 IST" skipped="0">
  <testcase classname="com.sportyshoe.RestAssured.PostandPutnewShoe" name="add_new_product" time="6.493"/>
  <system-out/>
  <testcase classname="com.sportyshoe.RestAssured.PostandPutnewShoe" name="update_a_product" time="0.070"/>
  <system-out/>
  <testcase classname="com.sportyshoe.RestAssured.PostandPutnewShoe" name="delete_product" time="0.075"/>
  <system-out/>
</testsuite> <!-- com.sportyshoe.RestAssured.PostandPutnewShoe -->
