<?xml version="1.0" encoding="UTF-8"?>
<!-- Generated by org.testng.reporters.JUnitReportReporter -->
<testsuite hostname="DESKTOP-IGKLUGB" failures="0" tests="1" name="com.sportyshoe.SeleniumCucumberScripts.SetupCheck" time="5.939" errors="0" timestamp="2023-11-15T12:15:08 IST" skipped="0">
  <testcase classname="com.sportyshoe.SeleniumCucumberScripts.SetupCheck" name="test_setup_selenium" time="5.939"/>
  <system-out/>
</testsuite> <!-- com.sportyshoe.SeleniumCucumberScripts.SetupCheck -->
